<?xml version="1.0" encoding="UTF-8"?>
<!-- Generated by org.testng.reporters.JUnitReportReporter -->
<testsuite hostname="DineshManoharan" failures="0" tests="2" name="runner.SignUpModuleRunner" time="16.123" errors="0" timestamp="2024-02-17T21:11:59 IST" skipped="0">
  <testcase classname="runner.SignUpModuleRunner" name="runScenario" time="7.445"/>
  <testcase classname="runner.SignUpModuleRunner" name="runScenario" time="8.678"/>
</testsuite> <!-- runner.SignUpModuleRunner -->
