<?xml version="1.0" encoding="UTF-8"?>
<!-- Generated by org.testng.reporters.JUnitReportReporter -->
<testsuite hostname="DineshManoharan" failures="0" tests="2" name="runner.TestNGRunner" time="16.547" errors="0" timestamp="2024-02-18T15:55:53 IST" skipped="0">
  <testcase classname="runner.TestNGRunner" name="runScenario" time="8.605"/>
  <testcase classname="runner.TestNGRunner" name="runScenario" time="7.942"/>
</testsuite> <!-- runner.TestNGRunner -->
